<?xml version="1.0" encoding="UTF-8"?>
<testng-results ignored="0" total="3" passed="3" failed="0" skipped="0">
  <reporter-output>
  </reporter-output>
  <suite started-at="2025-01-27T13:10:29 IST" name="Suite" finished-at="2025-01-27T13:11:41 IST" duration-ms="72775">
    <groups>
    </groups>
    <test started-at="2025-01-27T13:10:29 IST" name="errorvalidation" finished-at="2025-01-27T13:10:51 IST" duration-ms="22780">
      <class name="seleniumjava.Tests.errorvalidation">
        <test-method is-config="true" signature="launchApplication()[pri:0, instance:seleniumjava.Tests.errorvalidation@76505305]" started-at="2025-01-27T13:10:29 IST" name="launchApplication" finished-at="2025-01-27T13:10:50 IST" duration-ms="21361" status="PASS">
          <reporter-output>
          </reporter-output>
        </test-method> <!-- launchApplication -->
        <test-method signature="submitorder()[pri:0, instance:seleniumjava.Tests.errorvalidation@76505305]" started-at="2025-01-27T13:10:50 IST" name="submitorder" finished-at="2025-01-27T13:10:51 IST" duration-ms="536" status="PASS">
          <reporter-output>
          </reporter-output>
        </test-method> <!-- submitorder -->
        <test-method is-config="true" signature="close()[pri:0, instance:seleniumjava.Tests.errorvalidation@76505305]" started-at="2025-01-27T13:10:51 IST" name="close" finished-at="2025-01-27T13:10:51 IST" duration-ms="561" status="PASS">
          <reporter-output>
          </reporter-output>
        </test-method> <!-- close -->
      </class> <!-- seleniumjava.Tests.errorvalidation -->
    </test> <!-- errorvalidation -->
    <test started-at="2025-01-27T13:10:51 IST" name="submitordertest" finished-at="2025-01-27T13:11:41 IST" duration-ms="49948">
      <class name="seleniumjava.Tests.submitordertest">
        <test-method is-config="true" signature="launchApplication()[pri:0, instance:seleniumjava.Tests.submitordertest@3d285d7e]" started-at="2025-01-27T13:10:51 IST" name="launchApplication" finished-at="2025-01-27T13:11:00 IST" duration-ms="8102" status="PASS">
          <reporter-output>
          </reporter-output>
        </test-method> <!-- launchApplication -->
        <test-method signature="submitorder()[pri:0, instance:seleniumjava.Tests.submitordertest@3d285d7e]" started-at="2025-01-27T13:11:00 IST" name="submitorder" finished-at="2025-01-27T13:11:19 IST" duration-ms="19717" status="PASS">
          <reporter-output>
          </reporter-output>
        </test-method> <!-- submitorder -->
        <test-method is-config="true" signature="close()[pri:0, instance:seleniumjava.Tests.submitordertest@3d285d7e]" started-at="2025-01-27T13:11:19 IST" name="close" finished-at="2025-01-27T13:11:20 IST" duration-ms="329" status="PASS">
          <reporter-output>
          </reporter-output>
        </test-method> <!-- close -->
        <test-method is-config="true" signature="launchApplication()[pri:0, instance:seleniumjava.Tests.submitordertest@3d285d7e]" started-at="2025-01-27T13:11:20 IST" name="launchApplication" finished-at="2025-01-27T13:11:27 IST" duration-ms="7529" status="PASS">
          <reporter-output>
          </reporter-output>
        </test-method> <!-- launchApplication -->
        <test-method signature="orderhistory()[pri:0, instance:seleniumjava.Tests.submitordertest@3d285d7e]" started-at="2025-01-27T13:11:27 IST" name="orderhistory" finished-at="2025-01-27T13:11:40 IST" depends-on-methods="seleniumjava.Tests.submitordertest.submitorder" duration-ms="12376" status="PASS">
          <reporter-output>
          </reporter-output>
        </test-method> <!-- orderhistory -->
        <test-method is-config="true" signature="close()[pri:0, instance:seleniumjava.Tests.submitordertest@3d285d7e]" started-at="2025-01-27T13:11:40 IST" name="close" finished-at="2025-01-27T13:11:41 IST" duration-ms="1869" status="PASS">
          <reporter-output>
          </reporter-output>
        </test-method> <!-- close -->
      </class> <!-- seleniumjava.Tests.submitordertest -->
    </test> <!-- submitordertest -->
  </suite> <!-- Suite -->
</testng-results>
